<?xml version="1.0" encoding="utf-8"?><testsuites><testsuite name="pytest" errors="0" failures="1" skipped="0" tests="5" time="0.434" timestamp="2024-06-30T10:31:11.913545" hostname="5c46c1f5fce9"><testcase classname="tests.integration.test_integration" name="test_main_backend_to_model_backend" time="0.017"><failure message="assert 500 == 200&#10; +  where 500 = &lt;Response [500]&gt;.status_code">&gt;   ???
E   assert 500 == 200
E    +  where 500 = &lt;Response [500]&gt;.status_code

/Users/aaviix/Desktop/Personal Project/Titanic Survival Calculator/titanic_web_service/backend/tests/integration/test_integration.py:20: AssertionError</failure></testcase><testcase classname="tests.unit.test_main" name="test_passenger_model_invalid" time="0.000" /><testcase classname="tests.unit.test_main" name="test_passenger_model_valid" time="0.000" /><testcase classname="tests.unit.test_main" name="test_read_root" time="0.007" /><testcase classname="tests.unit.test_main" name="test_surv_or_not" time="0.003" /></testsuite></testsuites>